TN:
SF:/usr/include/liburing.h
FN:286,io_uring_cq_advance
FNDA:2576,io_uring_cq_advance
FN:304,io_uring_cqe_seen
FNDA:2576,io_uring_cqe_seen
FN:319,io_uring_sqe_set_data
FNDA:4462,io_uring_sqe_set_data
FN:363,io_uring_prep_rw
FNDA:4462,io_uring_prep_rw
FN:428,io_uring_prep_readv
FNDA:2184,io_uring_prep_readv
FN:452,io_uring_prep_writev
FNDA:2201,io_uring_prep_writev
FN:576,io_uring_prep_accept
FNDA:77,io_uring_prep_accept
FN:1171,io_uring_wait_cqe_nr
FNDA:2266,io_uring_wait_cqe_nr
FN:1183,__io_uring_peek_cqe
FNDA:2576,__io_uring_peek_cqe
FN:1242,io_uring_wait_cqe
FNDA:2576,io_uring_wait_cqe
FN:1258,_io_uring_get_sqe
FNDA:4462,_io_uring_get_sqe
FN:1339,io_uring_get_sqe
FNDA:4462,io_uring_get_sqe
DA:286,2576
DA:289,2576
DA:290,2576
DA:296,2576
DA:298,2576
DA:304,2576
DA:307,2576
DA:308,2576
DA:309,2576
DA:319,4462
DA:321,4462
DA:322,4462
DA:363,4462
DA:367,4462
DA:368,4462
DA:369,4462
DA:370,4462
DA:371,4462
DA:372,4462
DA:373,4462
DA:374,4462
DA:375,4462
DA:376,4462
DA:377,4462
DA:378,4462
DA:379,4462
DA:380,4462
DA:428,2184
DA:432,2184
DA:433,2184
DA:452,2201
DA:456,2201
DA:457,2201
DA:576,77
DA:580,77
DA:582,77
DA:583,77
DA:1171,2266
DA:1175,2266
DA:1183,2576
DA:1188,2576
DA:1190,2576
DA:1191,2576
DA:1193,2576
DA:1194,0
DA:1196,0
DA:1197,2576
DA:1198,2576
DA:1200,2576
DA:1201,2576
DA:1202,2576
DA:1203,2266
DA:1205,310
DA:1206,310
DA:1207,0
DA:1208,0
DA:1209,0
DA:1210,0
DA:1211,0
DA:1212,0
DA:1213,0
DA:1216,310
DA:1219,2576
DA:1220,2576
DA:1221,0
DA:1222,2576
DA:1242,2576
DA:1245,2576
DA:1246,310
DA:1248,2266
DA:1258,4462
DA:1260,4462
DA:1261,4462
DA:1262,4462
DA:1264,4462
DA:1265,0
DA:1266,4462
DA:1267,4462
DA:1269,0
DA:1271,4462
DA:1274,4462
DA:1275,4462
DA:1276,4462
DA:1279,0
DA:1339,4462
DA:1341,4462
end_of_record
SF:/__w/saurion/saurion/src/low_saurion.c
FN:58,next
FNDA:2481,next
FN:65,htonll
FNDA:2225,htonll
FN:78,ntohll
FNDA:2215,ntohll
FN:91,free_request
FNDA:0,free_request
FN:111,initialize_iovec
FNDA:4488,initialize_iovec
FN:159,allocate_iovec
FNDA:4488,allocate_iovec
FN:182,set_request
FNDA:4474,set_request
FN:250,add_accept
FNDA:77,add_accept
FN:289,add_efd
FNDA:1904,add_efd
FN:327,add_read
FNDA:279,add_read
FN:366,add_read_continue
FNDA:1,add_read_continue
FN:402,add_write
FNDA:2201,add_write
FN:444,handle_accept
FNDA:71,handle_accept
FN:454,read_chunk
FNDA:2219,read_chunk
FN:627,handle_read
FNDA:209,handle_read
FN:665,handle_write
FNDA:2201,handle_write
FN:674,handle_error
FNDA:0,handle_error
FN:685,handle_close
FNDA:71,handle_close
FN:696,EXTERNAL_set_socket
FNDA:6,EXTERNAL_set_socket
FN:733,saurion_create
FNDA:6,saurion_create
FN:849,saurion_worker_master_loop_it
FNDA:696,saurion_worker_master_loop_it
FN:917,saurion_worker_master
FNDA:6,saurion_worker_master
FN:950,saurion_worker_slave_loop_it
FNDA:1880,saurion_worker_slave_loop_it
FN:1012,saurion_worker_slave
FNDA:18,saurion_worker_slave
FN:1044,saurion_start
FNDA:6,saurion_start
FN:1071,saurion_stop
FNDA:6,saurion_stop
FN:1085,saurion_destroy
FNDA:6,saurion_destroy
FN:1117,saurion_send
FNDA:2201,saurion_send
DA:58,2481
DA:60,2481
DA:61,2481
DA:65,2225
DA:67,2225
DA:68,2225
DA:70,2225
DA:71,2225
DA:72,2225
DA:74,0
DA:78,2215
DA:80,2215
DA:81,2215
DA:83,2215
DA:84,2215
DA:85,2215
DA:87,0
DA:91,0
DA:93,0
DA:95,0
DA:96,0
DA:98,0
DA:100,0
DA:101,0
DA:103,0
DA:104,0
DA:105,0
DA:106,0
DA:107,0
DA:111,4488
DA:114,4488
DA:116,1
DA:118,4487
DA:120,2302
DA:121,2302
DA:122,2302
DA:123,2302
DA:124,2302
DA:126,2293
DA:128,2225
DA:129,2225
DA:130,2225
DA:131,2225
DA:135,68
DA:137,2293
DA:139,2225
DA:140,2225
DA:141,2225
DA:144,2302
DA:145,2302
DA:146,2302
DA:147,2302
DA:148,2302
DA:152,2185
DA:154,4487
DA:159,4488
DA:162,4488
DA:164,1
DA:166,4487
DA:167,4487
DA:169,0
DA:171,4487
DA:172,4487
DA:174,2184
DA:176,4487
DA:177,4487
DA:182,4474
DA:185,4474
DA:186,4474
DA:188,2206
DA:190,4474
DA:191,4474
DA:192,4474
DA:193,4474
DA:194,4474
DA:196,0
DA:198,4474
DA:200,4470
DA:201,4470
DA:202,4470
DA:203,4470
DA:204,4470
DA:205,4470
DA:209,4
DA:210,4
DA:211,4
DA:212,4
DA:213,4
DA:214,4
DA:215,4
DA:216,4
DA:218,4474
DA:219,4474
DA:220,4474
DA:221,4474
DA:223,0
DA:224,0
DA:226,8884
DA:228,4410
DA:230,0
DA:231,0
DA:233,4410
DA:235,0
DA:236,0
DA:239,4474
DA:241,0
DA:242,0
DA:244,4474
DA:245,4474
DA:250,77
DA:253,77
DA:254,77
DA:255,154
DA:257,77
DA:258,77
DA:260,0
DA:261,0
DA:263,77
DA:264,77
DA:266,0
DA:267,0
DA:268,0
DA:269,0
DA:271,77
DA:272,77
DA:273,77
DA:274,77
DA:275,77
DA:277,0
DA:278,0
DA:279,0
DA:280,0
DA:281,0
DA:283,77
DA:285,77
DA:286,77
DA:289,1904
DA:291,1904
DA:292,1904
DA:293,3808
DA:295,1904
DA:296,1904
DA:297,1904
DA:299,0
DA:300,0
DA:302,1904
DA:303,1904
DA:305,0
DA:306,0
DA:307,0
DA:309,1904
DA:310,1904
DA:311,1904
DA:313,1904
DA:314,1904
DA:316,0
DA:317,0
DA:318,0
DA:319,0
DA:321,1904
DA:323,1904
DA:324,1904
DA:327,279
DA:329,279
DA:330,279
DA:331,279
DA:332,558
DA:334,279
DA:335,279
DA:336,279
DA:338,0
DA:339,0
DA:341,279
DA:342,279
DA:344,0
DA:345,0
DA:346,0
DA:348,279
DA:349,279
DA:350,279
DA:352,279
DA:353,279
DA:355,0
DA:356,0
DA:357,0
DA:358,0
DA:360,279
DA:362,279
DA:363,279
DA:366,1
DA:369,1
DA:370,1
DA:371,2
DA:373,1
DA:374,1
DA:375,1
DA:377,0
DA:378,0
DA:380,1
DA:382,0
DA:383,0
DA:384,0
DA:386,1
DA:387,1
DA:388,1
DA:389,1
DA:391,0
DA:392,0
DA:393,0
DA:394,0
DA:396,1
DA:398,1
DA:399,1
DA:402,2201
DA:405,2201
DA:406,2201
DA:407,4402
DA:409,2201
DA:410,2201
DA:411,2201
DA:413,0
DA:414,0
DA:416,2201
DA:417,2201
DA:420,0
DA:421,0
DA:422,0
DA:424,2201
DA:425,2201
DA:426,2201
DA:427,2201
DA:428,2201
DA:429,2201
DA:431,0
DA:432,0
DA:433,0
DA:434,0
DA:435,0
DA:437,2201
DA:439,2201
DA:440,2201
DA:444,71
DA:446,71
DA:448,71
DA:450,71
DA:454,2219
DA:456,2219
DA:458,1
DA:461,2218
DA:462,4438
DA:464,2220
DA:466,2218
DA:467,2218
DA:468,2218
DA:469,2218
DA:470,2218
DA:471,2218
DA:472,2218
DA:474,3
DA:475,3
DA:476,3
DA:477,3
DA:478,3
DA:479,3
DA:481,2
DA:482,2
DA:483,2
DA:484,2
DA:485,2
DA:489,1
DA:490,1
DA:493,2215
DA:495,2000
DA:496,2000
DA:497,2000
DA:498,2000
DA:499,2000
DA:500,2000
DA:501,2000
DA:502,2000
DA:503,2000
DA:505,1999
DA:506,1999
DA:510,1
DA:511,1
DA:512,1
DA:513,1
DA:518,215
DA:519,215
DA:520,215
DA:521,215
DA:522,215
DA:523,215
DA:524,215
DA:525,215
DA:526,215
DA:528,213
DA:529,213
DA:533,2
DA:534,2
DA:535,2
DA:538,2218
DA:540,2218
DA:544,2220
DA:545,2220
DA:546,2220
DA:548,2220
DA:549,2220
DA:550,2220
DA:551,2220
DA:553,2214
DA:555,2
DA:557,2214
DA:558,2214
DA:559,2214
DA:561,6
DA:563,6
DA:564,6
DA:566,4
DA:568,2
DA:572,2218
DA:574,4
DA:575,4
DA:576,4
DA:577,4
DA:581,2214
DA:582,2214
DA:584,2218
DA:586,2214
DA:588,2214
DA:590,2002
DA:591,2002
DA:595,212
DA:596,212
DA:600,2218
DA:602,2216
DA:604,2
DA:605,2
DA:606,2
DA:607,2
DA:608,2
DA:609,2
DA:610,4
DA:612,95
DA:614,93
DA:615,93
DA:617,0
DA:618,0
DA:619,0
DA:623,2
DA:627,209
DA:629,209
DA:630,209
DA:633,2203
DA:635,0
DA:637,2203
DA:639,1994
DA:641,1994
DA:644,1994
DA:645,1994
DA:646,1994
DA:648,209
DA:650,1
DA:651,1
DA:653,208
DA:655,208
DA:657,208
DA:658,208
DA:659,208
DA:661,208
DA:665,2201
DA:667,2201
DA:669,2201
DA:671,2201
DA:674,0
DA:676,0
DA:678,0
DA:679,0
DA:680,0
DA:682,0
DA:685,71
DA:687,71
DA:689,71
DA:691,71
DA:692,71
DA:696,6
DA:698,6
DA:701,6
DA:702,6
DA:704,0
DA:707,6
DA:708,6
DA:710,0
DA:713,6
DA:714,6
DA:715,6
DA:716,6
DA:718,6
DA:720,0
DA:723,6
DA:725,0
DA:728,6
DA:733,6
DA:736,6
DA:737,6
DA:740,0
DA:742,6
DA:743,6
DA:744,6
DA:746,0
DA:748,0
DA:750,6
DA:751,6
DA:753,0
DA:755,0
DA:758,6
DA:759,6
DA:761,0
DA:763,0
DA:765,42
DA:767,36
DA:769,6
DA:770,6
DA:771,6
DA:772,6
DA:773,6
DA:774,6
DA:775,6
DA:776,6
DA:777,6
DA:778,6
DA:779,6
DA:780,6
DA:781,6
DA:782,6
DA:783,6
DA:784,6
DA:785,6
DA:786,6
DA:787,6
DA:789,0
DA:790,0
DA:792,0
DA:794,30
DA:796,24
DA:797,24
DA:799,0
DA:801,0
DA:803,0
DA:804,0
DA:805,0
DA:807,0
DA:811,6
DA:812,6
DA:814,0
DA:816,0
DA:818,0
DA:819,0
DA:820,0
DA:822,0
DA:824,30
DA:826,24
DA:827,24
DA:828,24
DA:830,0
DA:832,0
DA:834,0
DA:835,0
DA:836,0
DA:837,0
DA:839,0
DA:842,6
DA:844,6
DA:849,696
DA:854,696
DA:855,696
DA:856,696
DA:857,696
DA:859,0
DA:861,0
DA:863,696
DA:864,696
DA:866,0
DA:868,0
DA:870,696
DA:872,0
DA:874,0
DA:876,696
DA:878,6
DA:879,6
DA:881,6
DA:883,690
DA:884,690
DA:886,71
DA:887,71
DA:888,71
DA:889,71
DA:890,71
DA:891,71
DA:892,67
DA:893,67
DA:895,0
DA:897,67
DA:899,16
DA:901,67
DA:903,51
DA:905,67
DA:906,67
DA:907,552
DA:908,552
DA:909,552
DA:910,552
DA:913,690
DA:917,6
DA:920,6
DA:922,6
DA:924,6
DA:925,6
DA:927,6
DA:928,6
DA:929,6
DA:930,6
DA:932,690
DA:934,696
DA:935,696
DA:940,6
DA:941,6
DA:942,6
DA:943,6
DA:945,6
DA:950,1880
DA:953,1880
DA:954,1880
DA:956,1880
DA:957,1880
DA:958,1880
DA:960,0
DA:962,0
DA:964,1880
DA:965,1880
DA:967,0
DA:969,0
DA:971,1880
DA:973,0
DA:975,0
DA:977,1880
DA:979,18
DA:980,18
DA:982,18
DA:984,1862
DA:985,1862
DA:987,213
DA:988,213
DA:990,0
DA:992,213
DA:994,55
DA:996,213
DA:998,158
DA:1000,213
DA:1001,213
DA:1002,1649
DA:1003,1649
DA:1004,1649
DA:1005,1649
DA:1008,1862
DA:1012,18
DA:1015,18
DA:1016,18
DA:1017,18
DA:1018,18
DA:1020,18
DA:1022,18
DA:1023,18
DA:1024,18
DA:1025,18
DA:1027,1862
DA:1028,1880
DA:1029,1880
DA:1034,18
DA:1035,18
DA:1036,18
DA:1037,18
DA:1039,18
DA:1044,6
DA:1046,6
DA:1047,6
DA:1048,6
DA:1049,6
DA:1050,24
DA:1052,18
DA:1053,18
DA:1055,0
DA:1057,18
DA:1058,18
DA:1059,18
DA:1061,6
DA:1062,23
DA:1064,17
DA:1066,6
DA:1067,6
DA:1071,6
DA:1073,6
DA:1074,30
DA:1076,24
DA:1078,0
DA:1081,6
DA:1082,6
DA:1085,6
DA:1087,6
DA:1088,18
DA:1090,12
DA:1092,6
DA:1093,6
DA:1094,30
DA:1096,24
DA:1097,24
DA:1099,6
DA:1100,6
DA:1101,30
DA:1103,24
DA:1105,6
DA:1106,6
DA:1108,0
DA:1110,6
DA:1111,6
DA:1112,6
DA:1113,6
DA:1114,6
DA:1117,2201
DA:1119,2201
DA:1120,2201
end_of_record
TN:
SF:/__w/saurion/saurion/src/linked_list.c
FN:17,create_node
FNDA:55377,create_node
FN:65,list_insert
FNDA:55377,list_insert
FN:90,free_node
FNDA:55377,free_node
FN:106,list_delete_node
FNDA:27580,list_delete_node
FN:138,list_free
FNDA:26,list_free
DA:17,55377
DA:19,55377
DA:20,55377
DA:22,0
DA:24,55377
DA:25,55377
DA:26,55377
DA:27,55377
DA:29,20378
DA:30,20378
DA:33,34999
DA:34,34999
DA:36,0
DA:37,0
DA:39,161817
DA:41,126818
DA:43,126818
DA:45,0
DA:47,0
DA:49,0
DA:50,0
DA:53,161817
DA:55,126818
DA:56,126818
DA:57,126818
DA:58,126818
DA:60,34999
DA:61,34999
DA:65,55377
DA:67,55377
DA:68,55377
DA:70,0
DA:72,55377
DA:73,55377
DA:75,11712
DA:76,11712
DA:77,11712
DA:79,43665
DA:80,132970791
DA:82,132927126
DA:84,43665
DA:85,43665
DA:86,43665
DA:90,55377
DA:92,55377
DA:94,161817
DA:96,126818
DA:97,126818
DA:99,34999
DA:101,55377
DA:102,55377
DA:103,55377
DA:106,27580
DA:108,27580
DA:109,27580
DA:110,27580
DA:112,27580
DA:114,12185
DA:115,12185
DA:116,12185
DA:117,12185
DA:120,19001187
DA:122,18985792
DA:123,18985792
DA:126,15395
DA:128,1
DA:129,1
DA:132,15394
DA:133,15394
DA:134,15394
DA:138,26
DA:140,26
DA:141,26
DA:144,27824
DA:146,27798
DA:147,27798
DA:148,27798
DA:151,26
DA:152,26
DA:153,26
end_of_record
TN:
SF:/__w/saurion/saurion/src/threadpool.c
FN:32,threadpool_create
FNDA:11,threadpool_create
FN:101,threadpool_create_default
FNDA:0,threadpool_create_default
FN:107,threadpool_worker
FNDA:44,threadpool_worker
FN:151,threadpool_init
FNDA:11,threadpool_init
FN:175,threadpool_add
FNDA:126,threadpool_add
FN:216,threadpool_stop
FNDA:15,threadpool_stop
FN:240,threadpool_empty
FNDA:2,threadpool_empty
FN:256,threadpool_wait_empty
FNDA:17,threadpool_wait_empty
FN:274,threadpool_destroy
FNDA:11,threadpool_destroy
DA:32,11
DA:35,11
DA:36,11
DA:38,0
DA:40,0
DA:42,11
DA:44,0
DA:46,11
DA:48,5
DA:51,11
DA:52,11
DA:53,11
DA:55,0
DA:56,0
DA:58,0
DA:61,11
DA:62,11
DA:63,11
DA:64,11
DA:66,11
DA:68,0
DA:69,0
DA:70,0
DA:72,0
DA:75,11
DA:77,0
DA:78,0
DA:79,0
DA:80,0
DA:82,0
DA:85,11
DA:87,0
DA:88,0
DA:89,0
DA:90,0
DA:91,0
DA:93,0
DA:97,11
DA:101,0
DA:103,0
DA:107,44
DA:110,44
DA:112,126
DA:113,170
DA:114,230
DA:116,60
DA:119,170
DA:121,44
DA:122,44
DA:125,126
DA:126,126
DA:128,126
DA:129,126
DA:130,10
DA:132,126
DA:134,10
DA:137,126
DA:139,126
DA:141,126
DA:142,126
DA:146,44
DA:151,11
DA:154,11
DA:157,0
DA:159,55
DA:161,44
DA:165,0
DA:166,0
DA:167,0
DA:170,11
DA:175,126
DA:179,126
DA:182,0
DA:185,126
DA:186,126
DA:188,0
DA:190,0
DA:193,126
DA:194,126
DA:195,126
DA:197,126
DA:199,126
DA:201,10
DA:202,10
DA:206,116
DA:207,116
DA:209,126
DA:211,126
DA:216,15
DA:219,15
DA:222,4
DA:224,11
DA:226,11
DA:227,11
DA:228,11
DA:229,11
DA:231,55
DA:233,44
DA:235,11
DA:240,2
DA:243,2
DA:246,0
DA:248,2
DA:249,2
DA:250,2
DA:252,2
DA:256,17
DA:259,17
DA:262,0
DA:264,17
DA:265,20
DA:267,3
DA:269,17
DA:274,11
DA:277,11
DA:280,0
DA:282,11
DA:284,11
DA:285,11
DA:286,11
DA:288,0
DA:289,0
DA:290,0
DA:292,11
DA:294,11
DA:295,11
DA:296,11
DA:298,11
DA:299,11
end_of_record
TN:
SF:/__w/saurion/saurion/src/saurion.cpp
FN:5,_ZN7SaurionC2Eji
FNDA:0,_ZN7SaurionC2Eji
FN:15,_ZN7SaurionD2Ev
FNDA:0,_ZN7SaurionD2Ev
FN:18,_ZN7Saurion4initEv
FNDA:0,_ZN7Saurion4initEv
FN:27,_ZNK7Saurion4stopEv
FNDA:0,_ZNK7Saurion4stopEv
FN:33,_ZN7Saurion12on_connectedEPFviPvES0_
FNDA:0,_ZN7Saurion12on_connectedEPFviPvES0_
FN:41,_ZN7Saurion9on_readedEPFviPKvlPvES2_
FNDA:0,_ZN7Saurion9on_readedEPFviPKvlPvES2_
FN:49,_ZN7Saurion8on_wroteEPFviPvES0_
FNDA:0,_ZN7Saurion8on_wroteEPFviPvES0_
FN:57,_ZN7Saurion9on_closedEPFviPvES0_
FNDA:0,_ZN7Saurion9on_closedEPFviPvES0_
FN:65,_ZN7Saurion8on_errorEPFviPKclPvES2_
FNDA:0,_ZN7Saurion8on_errorEPFviPKclPvES2_
FN:73,_ZN7Saurion4sendEiPKc
FNDA:0,_ZN7Saurion4sendEiPKc
DA:5,0
DA:7,0
DA:8,0
DA:10,0
DA:12,0
DA:15,0
DA:18,0
DA:20,0
DA:22,0
DA:27,0
DA:29,0
DA:30,0
DA:33,0
DA:35,0
DA:36,0
DA:37,0
DA:41,0
DA:43,0
DA:44,0
DA:45,0
DA:49,0
DA:51,0
DA:52,0
DA:53,0
DA:57,0
DA:59,0
DA:60,0
DA:61,0
DA:65,0
DA:67,0
DA:68,0
DA:69,0
DA:73,0
DA:75,0
DA:76,0
end_of_record
