TN:
SF:/usr/include/liburing.h
FN:286,io_uring_cq_advance
FNDA:2602,io_uring_cq_advance
FN:304,io_uring_cqe_seen
FNDA:2602,io_uring_cqe_seen
FN:319,io_uring_sqe_set_data
FNDA:4507,io_uring_sqe_set_data
FN:363,io_uring_prep_rw
FNDA:4507,io_uring_prep_rw
FN:428,io_uring_prep_readv
FNDA:2229,io_uring_prep_readv
FN:452,io_uring_prep_writev
FNDA:2201,io_uring_prep_writev
FN:576,io_uring_prep_accept
FNDA:77,io_uring_prep_accept
FN:1171,io_uring_wait_cqe_nr
FNDA:2224,io_uring_wait_cqe_nr
FN:1183,__io_uring_peek_cqe
FNDA:2602,__io_uring_peek_cqe
FN:1242,io_uring_wait_cqe
FNDA:2602,io_uring_wait_cqe
FN:1258,_io_uring_get_sqe
FNDA:4507,_io_uring_get_sqe
FN:1339,io_uring_get_sqe
FNDA:4507,io_uring_get_sqe
DA:286,2602
DA:289,2602
DA:290,2602
DA:296,2602
DA:298,2602
DA:304,2602
DA:307,2602
DA:308,2602
DA:309,2602
DA:319,4507
DA:321,4507
DA:322,4507
DA:363,4507
DA:367,4507
DA:368,4507
DA:369,4507
DA:370,4507
DA:371,4507
DA:372,4507
DA:373,4507
DA:374,4507
DA:375,4507
DA:376,4507
DA:377,4507
DA:378,4507
DA:379,4507
DA:380,4507
DA:428,2229
DA:432,2229
DA:433,2229
DA:452,2201
DA:456,2201
DA:457,2201
DA:576,77
DA:580,77
DA:582,77
DA:583,77
DA:1171,2224
DA:1175,2224
DA:1183,2602
DA:1188,2602
DA:1190,2602
DA:1191,2602
DA:1193,2602
DA:1194,0
DA:1196,0
DA:1197,2602
DA:1198,2602
DA:1200,2602
DA:1201,2602
DA:1202,2602
DA:1203,2224
DA:1205,378
DA:1206,378
DA:1207,0
DA:1208,0
DA:1209,0
DA:1210,0
DA:1211,0
DA:1212,0
DA:1213,0
DA:1216,378
DA:1219,2602
DA:1220,2602
DA:1221,0
DA:1222,2602
DA:1242,2602
DA:1245,2602
DA:1246,378
DA:1248,2224
DA:1258,4507
DA:1260,4507
DA:1261,4507
DA:1262,4507
DA:1264,4507
DA:1265,0
DA:1266,4507
DA:1267,4507
DA:1269,0
DA:1271,4507
DA:1274,4507
DA:1275,4507
DA:1276,4507
DA:1279,0
DA:1339,4507
DA:1341,4507
end_of_record
SF:/__w/saurion/saurion/src/low_saurion.c
FN:58,next
FNDA:2507,next
FN:65,htonll
FNDA:2225,htonll
FN:78,ntohll
FNDA:2215,ntohll
FN:91,free_request
FNDA:0,free_request
FN:111,initialize_iovec
FNDA:4528,initialize_iovec
FN:159,allocate_iovec
FNDA:4528,allocate_iovec
FN:182,set_request
FNDA:4519,set_request
FN:250,add_accept
FNDA:77,add_accept
FN:289,add_fd
FNDA:2228,add_fd
FN:327,add_efd
FNDA:1923,add_efd
FN:333,add_read
FNDA:305,add_read
FN:340,add_read_continue
FNDA:1,add_read_continue
FN:376,add_write
FNDA:2201,add_write
FN:418,handle_accept
FNDA:71,handle_accept
FN:428,read_chunk
FNDA:2219,read_chunk
FN:601,handle_read
FNDA:235,handle_read
FN:639,handle_write
FNDA:2201,handle_write
FN:648,handle_error
FNDA:0,handle_error
FN:659,handle_close
FNDA:71,handle_close
FN:670,saurion_set_socket
FNDA:6,saurion_set_socket
FN:707,saurion_create
FNDA:6,saurion_create
FN:823,saurion_worker_master_loop_it
FNDA:703,saurion_worker_master_loop_it
FN:891,saurion_worker_master
FNDA:6,saurion_worker_master
FN:924,saurion_worker_slave_loop_it
FNDA:1899,saurion_worker_slave_loop_it
FN:986,saurion_worker_slave
FNDA:18,saurion_worker_slave
FN:1018,saurion_start
FNDA:6,saurion_start
FN:1045,saurion_stop
FNDA:6,saurion_stop
FN:1059,saurion_destroy
FNDA:6,saurion_destroy
FN:1091,saurion_send
FNDA:2201,saurion_send
DA:58,2507
DA:60,2507
DA:61,2507
DA:65,2225
DA:67,2225
DA:68,2225
DA:70,2225
DA:71,2225
DA:72,2225
DA:74,0
DA:78,2215
DA:80,2215
DA:81,2215
DA:83,2215
DA:84,2215
DA:85,2215
DA:87,0
DA:91,0
DA:93,0
DA:95,0
DA:96,0
DA:98,0
DA:100,0
DA:101,0
DA:103,0
DA:104,0
DA:105,0
DA:106,0
DA:107,0
DA:111,4528
DA:114,4528
DA:116,1
DA:118,4527
DA:120,2297
DA:121,2297
DA:122,2297
DA:123,2297
DA:124,2297
DA:126,2288
DA:128,2225
DA:129,2225
DA:130,2225
DA:131,2225
DA:135,63
DA:137,2288
DA:139,2225
DA:140,2225
DA:141,2225
DA:144,2297
DA:145,2297
DA:146,2297
DA:147,2297
DA:148,2297
DA:152,2230
DA:154,4527
DA:159,4528
DA:162,4528
DA:164,1
DA:166,4527
DA:167,4527
DA:169,0
DA:171,4527
DA:172,4527
DA:174,2229
DA:176,4527
DA:177,4527
DA:182,4519
DA:185,4519
DA:186,4519
DA:188,2206
DA:190,4519
DA:191,4519
DA:192,4519
DA:193,4519
DA:194,4519
DA:196,0
DA:198,4519
DA:200,4515
DA:201,4515
DA:202,4515
DA:203,4515
DA:204,4515
DA:205,4515
DA:209,4
DA:210,4
DA:211,4
DA:212,4
DA:213,4
DA:214,4
DA:215,4
DA:216,4
DA:218,4519
DA:219,4519
DA:220,4519
DA:221,4519
DA:223,0
DA:224,0
DA:226,8974
DA:228,4455
DA:230,0
DA:231,0
DA:233,4455
DA:235,0
DA:236,0
DA:239,4519
DA:241,0
DA:242,0
DA:244,4519
DA:245,4519
DA:250,77
DA:253,77
DA:254,77
DA:255,154
DA:257,77
DA:258,77
DA:260,0
DA:261,0
DA:263,77
DA:264,77
DA:266,0
DA:267,0
DA:268,0
DA:269,0
DA:271,77
DA:272,77
DA:273,77
DA:274,77
DA:275,77
DA:277,0
DA:278,0
DA:279,0
DA:280,0
DA:281,0
DA:283,77
DA:285,77
DA:286,77
DA:289,2228
DA:291,2228
DA:292,2228
DA:293,4456
DA:295,2228
DA:296,2228
DA:297,2228
DA:299,0
DA:300,0
DA:302,2228
DA:303,2228
DA:305,0
DA:306,0
DA:307,0
DA:309,2228
DA:310,2228
DA:311,2228
DA:313,2228
DA:314,2228
DA:316,0
DA:317,0
DA:318,0
DA:319,0
DA:321,2228
DA:323,2228
DA:324,2228
DA:327,1923
DA:329,1923
DA:330,1923
DA:333,305
DA:335,305
DA:336,305
DA:337,305
DA:340,1
DA:343,1
DA:344,1
DA:345,2
DA:347,1
DA:348,1
DA:349,1
DA:351,0
DA:352,0
DA:354,1
DA:356,0
DA:357,0
DA:358,0
DA:360,1
DA:361,1
DA:362,1
DA:363,1
DA:365,0
DA:366,0
DA:367,0
DA:368,0
DA:370,1
DA:372,1
DA:373,1
DA:376,2201
DA:379,2201
DA:380,2201
DA:381,4402
DA:383,2201
DA:384,2201
DA:385,2201
DA:387,0
DA:388,0
DA:390,2201
DA:391,2201
DA:394,0
DA:395,0
DA:396,0
DA:398,2201
DA:399,2201
DA:400,2201
DA:401,2201
DA:402,2201
DA:403,2201
DA:405,0
DA:406,0
DA:407,0
DA:408,0
DA:409,0
DA:411,2201
DA:413,2201
DA:414,2201
DA:418,71
DA:420,71
DA:422,71
DA:424,71
DA:428,2219
DA:430,2219
DA:432,1
DA:435,2218
DA:436,4438
DA:438,2220
DA:440,2218
DA:441,2218
DA:442,2218
DA:443,2218
DA:444,2218
DA:445,2218
DA:446,2218
DA:448,3
DA:449,3
DA:450,3
DA:451,3
DA:452,3
DA:453,3
DA:455,2
DA:456,2
DA:457,2
DA:458,2
DA:459,2
DA:463,1
DA:464,1
DA:467,2215
DA:469,1974
DA:470,1974
DA:471,1974
DA:472,1974
DA:473,1974
DA:474,1974
DA:475,1974
DA:476,1974
DA:477,1974
DA:479,1973
DA:480,1973
DA:484,1
DA:485,1
DA:486,1
DA:487,1
DA:492,241
DA:493,241
DA:494,241
DA:495,241
DA:496,241
DA:497,241
DA:498,241
DA:499,241
DA:500,241
DA:502,239
DA:503,239
DA:507,2
DA:508,2
DA:509,2
DA:512,2218
DA:514,2218
DA:518,2220
DA:519,2220
DA:520,2220
DA:522,2220
DA:523,2220
DA:524,2220
DA:525,2220
DA:527,2214
DA:529,2
DA:531,2214
DA:532,2214
DA:533,2214
DA:535,6
DA:537,6
DA:538,6
DA:540,4
DA:542,2
DA:546,2218
DA:548,4
DA:549,4
DA:550,4
DA:551,4
DA:555,2214
DA:556,2214
DA:558,2218
DA:560,2214
DA:562,2214
DA:564,1976
DA:565,1976
DA:569,238
DA:570,238
DA:574,2218
DA:576,2216
DA:578,2
DA:579,2
DA:580,2
DA:581,2
DA:582,2
DA:583,2
DA:584,4
DA:586,95
DA:588,93
DA:589,93
DA:591,0
DA:592,0
DA:593,0
DA:597,2
DA:601,235
DA:603,235
DA:604,235
DA:607,2203
DA:609,0
DA:611,2203
DA:613,1968
DA:615,1968
DA:618,1968
DA:619,1968
DA:620,1968
DA:622,235
DA:624,1
DA:625,1
DA:627,234
DA:629,234
DA:631,234
DA:632,234
DA:633,234
DA:635,234
DA:639,2201
DA:641,2201
DA:643,2201
DA:645,2201
DA:648,0
DA:650,0
DA:652,0
DA:653,0
DA:654,0
DA:656,0
DA:659,71
DA:661,71
DA:663,71
DA:665,71
DA:666,71
DA:670,6
DA:672,6
DA:675,6
DA:676,6
DA:678,0
DA:681,6
DA:682,6
DA:684,0
DA:687,6
DA:688,6
DA:689,6
DA:690,6
DA:692,6
DA:694,0
DA:697,6
DA:699,0
DA:702,6
DA:707,6
DA:710,6
DA:711,6
DA:714,0
DA:716,6
DA:717,6
DA:718,6
DA:720,0
DA:722,0
DA:724,6
DA:725,6
DA:727,0
DA:729,0
DA:732,6
DA:733,6
DA:735,0
DA:737,0
DA:739,42
DA:741,36
DA:743,6
DA:744,6
DA:745,6
DA:746,6
DA:747,6
DA:748,6
DA:749,6
DA:750,6
DA:751,6
DA:752,6
DA:753,6
DA:754,6
DA:755,6
DA:756,6
DA:757,6
DA:758,6
DA:759,6
DA:760,6
DA:761,6
DA:763,0
DA:764,0
DA:766,0
DA:768,30
DA:770,24
DA:771,24
DA:773,0
DA:775,0
DA:777,0
DA:778,0
DA:779,0
DA:781,0
DA:785,6
DA:786,6
DA:788,0
DA:790,0
DA:792,0
DA:793,0
DA:794,0
DA:796,0
DA:798,30
DA:800,24
DA:801,24
DA:802,24
DA:804,0
DA:806,0
DA:808,0
DA:809,0
DA:810,0
DA:811,0
DA:813,0
DA:816,6
DA:818,6
DA:823,703
DA:828,703
DA:829,703
DA:830,703
DA:831,703
DA:833,0
DA:835,0
DA:837,703
DA:838,703
DA:840,0
DA:842,0
DA:844,703
DA:846,0
DA:848,0
DA:850,703
DA:852,6
DA:853,6
DA:855,6
DA:857,697
DA:858,697
DA:860,71
DA:861,71
DA:862,71
DA:863,71
DA:864,71
DA:865,71
DA:866,77
DA:867,77
DA:869,0
DA:871,77
DA:873,20
DA:875,77
DA:877,57
DA:879,77
DA:880,77
DA:881,549
DA:882,549
DA:883,549
DA:884,549
DA:887,697
DA:891,6
DA:894,6
DA:896,6
DA:898,6
DA:899,6
DA:901,6
DA:902,6
DA:903,6
DA:904,6
DA:906,697
DA:908,703
DA:909,703
DA:914,6
DA:915,6
DA:916,6
DA:917,6
DA:919,6
DA:924,1899
DA:927,1899
DA:928,1899
DA:930,1899
DA:931,1899
DA:932,1899
DA:934,0
DA:936,0
DA:938,1899
DA:939,1899
DA:941,0
DA:943,0
DA:945,1899
DA:947,0
DA:949,0
DA:951,1899
DA:953,18
DA:954,18
DA:956,18
DA:958,1881
DA:959,1881
DA:961,229
DA:962,229
DA:964,0
DA:966,229
DA:968,51
DA:970,229
DA:972,178
DA:974,229
DA:975,229
DA:976,1652
DA:977,1652
DA:978,1652
DA:979,1652
DA:982,1881
DA:986,18
DA:989,18
DA:990,18
DA:991,18
DA:992,18
DA:994,18
DA:996,18
DA:997,18
DA:998,18
DA:999,18
DA:1001,1881
DA:1002,1899
DA:1003,1899
DA:1008,18
DA:1009,18
DA:1010,18
DA:1011,18
DA:1013,18
DA:1018,6
DA:1020,6
DA:1021,6
DA:1022,6
DA:1023,6
DA:1024,24
DA:1026,18
DA:1027,18
DA:1029,0
DA:1031,18
DA:1032,18
DA:1033,18
DA:1035,6
DA:1036,23
DA:1038,17
DA:1040,6
DA:1041,6
DA:1045,6
DA:1047,6
DA:1048,30
DA:1050,24
DA:1052,0
DA:1055,6
DA:1056,6
DA:1059,6
DA:1061,6
DA:1062,23
DA:1064,17
DA:1066,6
DA:1067,6
DA:1068,30
DA:1070,24
DA:1071,24
DA:1073,6
DA:1074,6
DA:1075,30
DA:1077,24
DA:1079,6
DA:1080,6
DA:1082,0
DA:1084,6
DA:1085,6
DA:1086,6
DA:1087,6
DA:1088,6
DA:1091,2201
DA:1093,2201
DA:1094,2201
end_of_record
TN:
SF:/__w/saurion/saurion/src/linked_list.c
FN:17,create_node
FNDA:55422,create_node
FN:65,list_insert
FNDA:55422,list_insert
FN:90,free_node
FNDA:55422,free_node
FN:106,list_delete_node
FNDA:27606,list_delete_node
FN:138,list_free
FNDA:26,list_free
DA:17,55422
DA:19,55422
DA:20,55422
DA:22,0
DA:24,55422
DA:25,55422
DA:26,55422
DA:27,55422
DA:29,20378
DA:30,20378
DA:33,35044
DA:34,35044
DA:36,0
DA:37,0
DA:39,161907
DA:41,126863
DA:43,126863
DA:45,0
DA:47,0
DA:49,0
DA:50,0
DA:53,161907
DA:55,126863
DA:56,126863
DA:57,126863
DA:58,126863
DA:60,35044
DA:61,35044
DA:65,55422
DA:67,55422
DA:68,55422
DA:70,0
DA:72,55422
DA:73,55422
DA:75,12072
DA:76,12072
DA:77,12072
DA:79,43350
DA:80,129886913
DA:82,129843563
DA:84,43350
DA:85,43350
DA:86,43350
DA:90,55422
DA:92,55422
DA:94,161907
DA:96,126863
DA:97,126863
DA:99,35044
DA:101,55422
DA:102,55422
DA:103,55422
DA:106,27606
DA:108,27606
DA:109,27606
DA:110,27606
DA:112,27606
DA:114,12664
DA:115,12664
DA:116,12664
DA:117,12664
DA:120,15928924
DA:122,15913982
DA:123,15913982
DA:126,14942
DA:128,1
DA:129,1
DA:132,14941
DA:133,14941
DA:134,14941
DA:138,26
DA:140,26
DA:141,26
DA:144,27843
DA:146,27817
DA:147,27817
DA:148,27817
DA:151,26
DA:152,26
DA:153,26
end_of_record
TN:
SF:/__w/saurion/saurion/src/threadpool.c
FN:32,threadpool_create
FNDA:11,threadpool_create
FN:101,threadpool_create_default
FNDA:0,threadpool_create_default
FN:107,threadpool_worker
FNDA:44,threadpool_worker
FN:151,threadpool_init
FNDA:11,threadpool_init
FN:175,threadpool_add
FNDA:126,threadpool_add
FN:216,threadpool_stop
FNDA:15,threadpool_stop
FN:240,threadpool_empty
FNDA:2,threadpool_empty
FN:256,threadpool_wait_empty
FNDA:17,threadpool_wait_empty
FN:274,threadpool_destroy
FNDA:11,threadpool_destroy
DA:32,11
DA:35,11
DA:36,11
DA:38,0
DA:40,0
DA:42,11
DA:44,0
DA:46,11
DA:48,5
DA:51,11
DA:52,11
DA:53,11
DA:55,0
DA:56,0
DA:58,0
DA:61,11
DA:62,11
DA:63,11
DA:64,11
DA:66,11
DA:68,0
DA:69,0
DA:70,0
DA:72,0
DA:75,11
DA:77,0
DA:78,0
DA:79,0
DA:80,0
DA:82,0
DA:85,11
DA:87,0
DA:88,0
DA:89,0
DA:90,0
DA:91,0
DA:93,0
DA:97,11
DA:101,0
DA:103,0
DA:107,44
DA:110,44
DA:112,126
DA:113,170
DA:114,227
DA:116,57
DA:119,170
DA:121,44
DA:122,44
DA:125,126
DA:126,126
DA:128,126
DA:129,126
DA:130,10
DA:132,126
DA:134,10
DA:137,126
DA:139,126
DA:141,126
DA:142,126
DA:146,44
DA:151,11
DA:154,11
DA:157,0
DA:159,55
DA:161,44
DA:165,0
DA:166,0
DA:167,0
DA:170,11
DA:175,126
DA:179,126
DA:182,0
DA:185,126
DA:186,126
DA:188,0
DA:190,0
DA:193,126
DA:194,126
DA:195,126
DA:197,126
DA:199,126
DA:201,10
DA:202,10
DA:206,116
DA:207,116
DA:209,126
DA:211,126
DA:216,15
DA:219,15
DA:222,4
DA:224,11
DA:226,11
DA:227,11
DA:228,11
DA:229,11
DA:231,55
DA:233,44
DA:235,11
DA:240,2
DA:243,2
DA:246,0
DA:248,2
DA:249,2
DA:250,2
DA:252,2
DA:256,17
DA:259,17
DA:262,0
DA:264,17
DA:265,19
DA:267,2
DA:269,17
DA:274,11
DA:277,11
DA:280,0
DA:282,11
DA:284,11
DA:285,11
DA:286,11
DA:288,0
DA:289,0
DA:290,0
DA:292,11
DA:294,11
DA:295,11
DA:296,11
DA:298,11
DA:299,11
end_of_record
TN:
SF:/__w/saurion/saurion/src/saurion.cpp
FN:5,_ZN7SaurionC2Eji
FNDA:0,_ZN7SaurionC2Eji
FN:15,_ZN7SaurionD2Ev
FNDA:0,_ZN7SaurionD2Ev
FN:18,_ZN7Saurion4initEv
FNDA:0,_ZN7Saurion4initEv
FN:27,_ZNK7Saurion4stopEv
FNDA:0,_ZNK7Saurion4stopEv
FN:33,_ZN7Saurion12on_connectedEPFviPvES0_
FNDA:0,_ZN7Saurion12on_connectedEPFviPvES0_
FN:41,_ZN7Saurion9on_readedEPFviPKvlPvES2_
FNDA:0,_ZN7Saurion9on_readedEPFviPKvlPvES2_
FN:49,_ZN7Saurion8on_wroteEPFviPvES0_
FNDA:0,_ZN7Saurion8on_wroteEPFviPvES0_
FN:57,_ZN7Saurion9on_closedEPFviPvES0_
FNDA:0,_ZN7Saurion9on_closedEPFviPvES0_
FN:65,_ZN7Saurion8on_errorEPFviPKclPvES2_
FNDA:0,_ZN7Saurion8on_errorEPFviPKclPvES2_
FN:73,_ZN7Saurion4sendEiPKc
FNDA:0,_ZN7Saurion4sendEiPKc
DA:5,0
DA:7,0
DA:8,0
DA:10,0
DA:12,0
DA:15,0
DA:18,0
DA:20,0
DA:22,0
DA:27,0
DA:29,0
DA:30,0
DA:33,0
DA:35,0
DA:36,0
DA:37,0
DA:41,0
DA:43,0
DA:44,0
DA:45,0
DA:49,0
DA:51,0
DA:52,0
DA:53,0
DA:57,0
DA:59,0
DA:60,0
DA:61,0
DA:65,0
DA:67,0
DA:68,0
DA:69,0
DA:73,0
DA:75,0
DA:76,0
end_of_record
