TN:
SF:/__w/saurion/saurion/src/linked_list.c
FN:20,create_node
FN:70,list_insert
FN:97,free_node
FN:114,list_delete_node
FN:147,list_free
FNDA:30119,list_delete_node
FNDA:59774,create_node
FNDA:32,list_free
FNDA:59774,free_node
FNDA:59774,list_insert
FNF:5
FNH:5
DA:20,59774
DA:22,59774
DA:23,59774
DA:25,0
DA:27,59774
DA:28,59774
DA:29,59774
DA:30,59774
DA:32,20455
DA:33,20455
DA:36,39319
DA:37,39319
DA:39,0
DA:40,0
DA:42,170460
DA:44,131141
DA:46,131141
DA:48,0
DA:50,0
DA:52,0
DA:53,0
DA:56,170460
DA:58,131141
DA:59,131141
DA:60,131141
DA:61,131141
DA:63,39319
DA:64,39319
DA:70,59774
DA:73,59774
DA:74,59774
DA:76,0
DA:78,59774
DA:79,59774
DA:81,11224
DA:82,11224
DA:83,11224
DA:85,48550
DA:86,134121850
DA:88,134073300
DA:90,48550
DA:91,48550
DA:92,48550
DA:97,59774
DA:99,59774
DA:101,170460
DA:103,131141
DA:104,131141
DA:106,39319
DA:108,59774
DA:109,59774
DA:110,59774
DA:114,30119
DA:116,30119
DA:117,30119
DA:118,30119
DA:120,30119
DA:122,11613
DA:123,11613
DA:124,11613
DA:125,11613
DA:128,18776912
DA:130,18758406
DA:131,18758406
DA:134,18506
DA:136,1
DA:137,1
DA:140,18505
DA:141,18505
DA:142,18505
DA:147,32
DA:149,32
DA:150,32
DA:153,29688
DA:155,29656
DA:156,29656
DA:157,29656
DA:160,32
DA:161,32
DA:162,32
LF:80
LH:72
end_of_record
TN:
SF:/__w/saurion/saurion/src/low_saurion.c
FN:48,next
FN:56,htonll
FN:70,ntohll
FN:84,free_request
FN:105,initialize_iovec
FN:154,allocate_iovec
FN:178,set_request
FN:247,add_accept
FN:287,add_fd
FN:326,add_efd
FN:333,add_read
FN:341,add_read_continue
FN:378,add_write
FN:421,handle_accept
FN:432,calculate_max_iov_content
FN:459,handle_previous_message
FN:484,handle_partial_message
FN:522,handle_new_message
FN:559,prepare_destination
FN:574,copy_data
FN:616,validate_and_update
FN:652,read_chunk_free
FN:678,read_chunk
FN:714,handle_read
FN:753,handle_write
FN:763,handle_error
FN:775,handle_close
FN:787,saurion_set_socket
FN:833,saurion_create
FN:949,handle_event_read
FN:970,saurion_worker_master_loop_it
FN:1027,saurion_worker_master
FN:1061,saurion_worker_slave_loop_it
FN:1112,saurion_worker_slave
FN:1145,saurion_start
FN:1172,saurion_stop
FN:1187,saurion_destroy
FN:1220,saurion_send
FNDA:36,saurion_worker_slave
FNDA:386,handle_new_message
FNDA:4,handle_previous_message
FNDA:12,saurion_stop
FNDA:1383,saurion_worker_master_loop_it
FNDA:154,add_accept
FNDA:4421,calculate_max_iov_content
FNDA:2,read_chunk_free
FNDA:4402,saurion_send
FNDA:4421,copy_data
FNDA:4426,htonll
FNDA:12,saurion_destroy
FNDA:381,handle_read
FNDA:3732,saurion_worker_slave_loop_it
FNDA:12,saurion_set_socket
FNDA:12,saurion_start
FNDA:4421,prepare_destination
FNDA:4031,handle_partial_message
FNDA:4925,next
FNDA:3780,add_efd
FNDA:523,handle_event_read
FNDA:8818,initialize_iovec
FNDA:142,handle_close
FNDA:2,add_read_continue
FNDA:12,saurion_create
FNDA:4422,read_chunk
FNDA:4402,handle_write
FNDA:142,handle_accept
FNDA:4417,ntohll
FNDA:4301,add_fd
FNDA:4421,validate_and_update
FNDA:8818,allocate_iovec
FNDA:0,free_request
FNDA:8871,set_request
FNDA:521,add_read
FNDA:0,handle_error
FNDA:12,saurion_worker_master
FNDA:4402,add_write
FNF:38
FNH:36
DA:48,4925
DA:50,4925
DA:51,4925
DA:56,4426
DA:58,4426
DA:59,4426
DA:61,4426
DA:62,4426
DA:63,4426
DA:65,0
DA:70,4417
DA:72,4417
DA:73,4417
DA:75,4417
DA:76,4417
DA:77,4417
DA:79,0
DA:84,0
DA:86,0
DA:88,0
DA:89,0
DA:91,0
DA:93,0
DA:94,0
DA:96,0
DA:97,0
DA:98,0
DA:99,0
DA:100,0
DA:105,8818
DA:108,8818
DA:110,1
DA:112,8817
DA:114,4512
DA:115,4512
DA:116,4512
DA:117,4512
DA:118,4512
DA:120,4503
DA:122,4426
DA:123,4426
DA:124,4426
DA:125,4426
DA:129,77
DA:131,4503
DA:133,4426
DA:134,4426
DA:135,4426
DA:138,4512
DA:139,4512
DA:140,4512
DA:141,4512
DA:142,4512
DA:146,4305
DA:148,8817
DA:154,8818
DA:157,8818
DA:159,1
DA:161,8817
DA:162,8817
DA:164,0
DA:166,8817
DA:167,8817
DA:169,4302
DA:171,8817
DA:172,8817
DA:178,8871
DA:181,8871
DA:182,8871
DA:184,4407
DA:186,8871
DA:187,8871
DA:188,8871
DA:189,8871
DA:190,8871
DA:192,0
DA:194,8871
DA:196,8866
DA:197,8866
DA:198,8866
DA:199,8866
DA:200,8866
DA:201,8866
DA:205,5
DA:206,5
DA:207,5
DA:208,5
DA:209,5
DA:210,5
DA:211,5
DA:212,5
DA:214,8871
DA:215,8871
DA:216,8871
DA:217,8871
DA:219,0
DA:220,0
DA:222,17604
DA:224,8733
DA:226,0
DA:227,0
DA:229,8733
DA:231,0
DA:232,0
DA:235,8871
DA:237,0
DA:238,0
DA:240,8871
DA:241,8871
DA:247,154
DA:250,154
DA:251,154
DA:252,308
DA:254,154
DA:255,154
DA:257,0
DA:258,0
DA:260,154
DA:261,154
DA:263,0
DA:264,0
DA:265,0
DA:266,0
DA:268,154
DA:269,154
DA:270,154
DA:271,154
DA:272,154
DA:274,0
DA:275,0
DA:276,0
DA:277,0
DA:278,0
DA:280,154
DA:282,154
DA:283,154
DA:287,4301
DA:289,4301
DA:290,4301
DA:291,8602
DA:293,4301
DA:294,4301
DA:295,4301
DA:297,0
DA:298,0
DA:300,4301
DA:301,4301
DA:303,0
DA:304,0
DA:305,0
DA:307,4301
DA:308,4301
DA:309,4301
DA:311,4301
DA:312,4301
DA:314,0
DA:315,0
DA:316,0
DA:317,0
DA:319,4301
DA:321,4301
DA:322,4301
DA:326,3780
DA:328,3780
DA:329,3780
DA:333,521
DA:335,521
DA:336,521
DA:337,521
DA:341,2
DA:344,2
DA:345,2
DA:346,4
DA:348,2
DA:349,2
DA:350,2
DA:352,0
DA:353,0
DA:355,2
DA:357,0
DA:358,0
DA:359,0
DA:361,2
DA:362,2
DA:363,2
DA:364,2
DA:366,0
DA:367,0
DA:368,0
DA:369,0
DA:371,2
DA:373,2
DA:374,2
DA:378,4402
DA:381,4402
DA:382,4402
DA:383,8804
DA:385,4402
DA:386,4402
DA:387,4402
DA:389,0
DA:390,0
DA:392,4402
DA:393,4402
DA:396,0
DA:397,0
DA:398,0
DA:400,4402
DA:401,4402
DA:402,4402
DA:403,4402
DA:404,4402
DA:405,4402
DA:407,0
DA:408,0
DA:409,0
DA:410,0
DA:411,0
DA:413,4402
DA:415,4402
DA:416,4402
DA:421,142
DA:423,142
DA:425,142
DA:427,142
DA:432,4421
DA:434,4421
DA:435,8845
DA:437,4424
DA:439,4421
DA:459,4
DA:461,4
DA:462,4
DA:463,4
DA:465,4
DA:467,3
DA:468,3
DA:469,3
DA:470,3
DA:471,3
DA:475,1
DA:476,1
DA:478,4
DA:484,4031
DA:486,4031
DA:487,4031
DA:489,4031
DA:490,4031
DA:491,4031
DA:492,4031
DA:493,4031
DA:494,4031
DA:496,4031
DA:498,4030
DA:499,4030
DA:501,0
DA:503,4030
DA:507,1
DA:508,1
DA:510,0
DA:512,1
DA:513,1
DA:514,1
DA:516,4031
DA:522,386
DA:524,386
DA:525,386
DA:527,386
DA:528,386
DA:529,386
DA:530,386
DA:531,386
DA:532,386
DA:534,386
DA:536,383
DA:537,383
DA:539,0
DA:541,383
DA:545,3
DA:546,3
DA:548,0
DA:550,3
DA:551,3
DA:553,386
DA:559,4421
DA:561,4421
DA:563,4
DA:565,4417
DA:567,4031
DA:569,386
DA:574,4421
DA:576,4421
DA:577,4421
DA:580,4424
DA:582,4424
DA:583,4424
DA:585,4424
DA:586,4424
DA:587,4424
DA:589,4424
DA:591,4416
DA:592,4416
DA:595,2
DA:597,4416
DA:598,4416
DA:599,4416
DA:601,8
DA:603,8
DA:604,8
DA:606,5
DA:608,3
DA:611,4421
DA:616,4421
DA:618,4421
DA:620,5
DA:621,5
DA:622,5
DA:623,5
DA:627,4416
DA:628,4416
DA:630,4421
DA:632,4416
DA:633,4416
DA:634,4416
DA:635,4416
DA:637,4033
DA:638,4033
DA:642,383
DA:643,383
DA:647,4421
DA:652,2
DA:654,2
DA:655,2
DA:656,2
DA:657,2
DA:658,2
DA:659,2
DA:660,4
DA:662,95
DA:664,93
DA:665,93
DA:667,0
DA:668,0
DA:669,0
DA:678,4422
DA:681,4422
DA:682,4422
DA:683,4422
DA:684,4422
DA:686,1
DA:689,4421
DA:690,4421
DA:691,4421
DA:692,4421
DA:693,4421
DA:694,4421
DA:695,4421
DA:696,4421
DA:698,0
DA:701,4421
DA:702,4421
DA:704,4421
DA:706,4419
DA:708,2
DA:709,2
DA:714,381
DA:716,381
DA:717,381
DA:720,4406
DA:722,0
DA:724,4406
DA:726,4025
DA:728,4025
DA:731,4025
DA:732,4025
DA:733,4025
DA:735,381
DA:737,2
DA:738,2
DA:740,379
DA:742,379
DA:744,379
DA:745,379
DA:746,379
DA:748,379
DA:753,4402
DA:755,4402
DA:757,4402
DA:759,4402
DA:763,0
DA:765,0
DA:767,0
DA:768,0
DA:769,0
DA:771,0
DA:775,142
DA:777,142
DA:779,142
DA:781,142
DA:782,142
DA:787,12
DA:789,12
DA:792,12
DA:793,12
DA:795,0
DA:798,12
DA:799,12
DA:801,0
DA:804,12
DA:805,12
DA:806,12
DA:808,0
DA:811,12
DA:812,12
DA:813,12
DA:814,12
DA:816,12
DA:818,0
DA:821,12
DA:822,12
DA:824,0
DA:827,12
DA:833,12
DA:836,12
DA:837,12
DA:840,0
DA:842,12
DA:843,12
DA:844,12
DA:846,0
DA:848,0
DA:850,12
DA:851,12
DA:853,0
DA:855,0
DA:858,12
DA:859,12
DA:861,0
DA:863,0
DA:865,84
DA:867,72
DA:869,12
DA:870,12
DA:871,12
DA:872,12
DA:873,12
DA:874,12
DA:875,12
DA:876,12
DA:877,12
DA:878,12
DA:879,12
DA:880,12
DA:881,12
DA:882,12
DA:883,12
DA:884,12
DA:885,12
DA:886,12
DA:887,12
DA:889,0
DA:890,0
DA:892,0
DA:894,60
DA:896,48
DA:897,48
DA:899,0
DA:901,0
DA:903,0
DA:904,0
DA:905,0
DA:907,0
DA:911,12
DA:912,12
DA:914,0
DA:916,0
DA:918,0
DA:919,0
DA:920,0
DA:922,0
DA:924,60
DA:926,48
DA:927,48
DA:928,48
DA:930,0
DA:932,0
DA:934,0
DA:935,0
DA:936,0
DA:937,0
DA:939,0
DA:942,12
DA:944,12
DA:949,523
DA:952,523
DA:954,0
DA:956,523
DA:958,142
DA:960,523
DA:962,381
DA:964,523
DA:965,523
DA:970,1383
DA:975,1383
DA:976,1383
DA:977,1383
DA:978,1383
DA:980,0
DA:982,0
DA:984,1383
DA:985,1383
DA:987,0
DA:989,0
DA:991,1383
DA:993,0
DA:995,0
DA:997,1383
DA:999,12
DA:1000,12
DA:1002,12
DA:1004,1371
DA:1005,1371
DA:1007,142
DA:1008,142
DA:1009,142
DA:1010,142
DA:1011,142
DA:1012,142
DA:1013,125
DA:1014,125
DA:1015,125
DA:1016,1104
DA:1017,1104
DA:1018,1104
DA:1019,1104
DA:1022,1371
DA:1027,12
DA:1030,12
DA:1032,12
DA:1034,12
DA:1035,12
DA:1037,12
DA:1038,12
DA:1039,12
DA:1040,12
DA:1042,1371
DA:1044,1383
DA:1045,1383
DA:1050,12
DA:1051,12
DA:1052,12
DA:1053,12
DA:1055,12
DA:1061,3732
DA:1064,3732
DA:1065,3732
DA:1067,3732
DA:1068,3732
DA:1069,3732
DA:1071,0
DA:1073,0
DA:1075,3732
DA:1076,3732
DA:1078,0
DA:1080,0
DA:1082,3732
DA:1084,0
DA:1086,0
DA:1088,3732
DA:1090,36
DA:1091,36
DA:1093,36
DA:1095,3696
DA:1096,3696
DA:1098,398
DA:1099,398
DA:1100,398
DA:1101,3298
DA:1102,3298
DA:1103,3298
DA:1104,3298
DA:1107,3696
DA:1112,36
DA:1115,36
DA:1116,36
DA:1117,36
DA:1118,36
DA:1120,36
DA:1122,36
DA:1123,36
DA:1124,36
DA:1125,36
DA:1127,3696
DA:1128,3732
DA:1129,3732
DA:1134,36
DA:1135,36
DA:1136,36
DA:1137,36
DA:1139,36
DA:1145,12
DA:1147,12
DA:1148,12
DA:1149,12
DA:1150,48
DA:1152,36
DA:1153,36
DA:1155,0
DA:1157,36
DA:1158,36
DA:1159,36
DA:1161,12
DA:1162,45
DA:1164,33
DA:1166,12
DA:1167,12
DA:1172,12
DA:1174,12
DA:1175,60
DA:1177,48
DA:1179,0
DA:1182,12
DA:1183,12
DA:1187,12
DA:1189,12
DA:1190,39
DA:1192,27
DA:1194,12
DA:1195,12
DA:1196,60
DA:1198,48
DA:1199,48
DA:1201,12
DA:1202,12
DA:1203,60
DA:1205,48
DA:1207,12
DA:1208,12
DA:1210,0
DA:1212,12
DA:1213,12
DA:1214,12
DA:1215,12
DA:1216,12
DA:1220,4402
DA:1222,4402
DA:1223,4402
LF:647
LH:519
end_of_record
TN:
SF:/__w/saurion/saurion/src/saurion.cpp
FN:7,_ZN7SaurionC2Eji
FN:17,_ZN7SaurionD2Ev
FN:24,_ZN7Saurion4initEv
FN:33,_ZNK7Saurion4stopEv
FN:39,_ZN7Saurion12on_connectedEPFviPvES0_
FN:47,_ZN7Saurion9on_readedEPFviPKvlPvES2_
FN:55,_ZN7Saurion8on_wroteEPFviPvES0_
FN:63,_ZN7Saurion9on_closedEPFviPvES0_
FN:71,_ZN7Saurion8on_errorEPFviPKclPvES2_
FN:79,_ZN7Saurion4sendEiPKc
FNDA:2201,_ZN7Saurion4sendEiPKc
FNDA:6,_ZN7SaurionC2Eji
FNDA:6,_ZN7Saurion8on_errorEPFviPKclPvES2_
FNDA:6,_ZNK7Saurion4stopEv
FNDA:6,_ZN7Saurion9on_closedEPFviPvES0_
FNDA:6,_ZN7Saurion8on_wroteEPFviPvES0_
FNDA:6,_ZN7Saurion12on_connectedEPFviPvES0_
FNDA:6,_ZN7Saurion9on_readedEPFviPKvlPvES2_
FNDA:6,_ZN7SaurionD2Ev
FNDA:6,_ZN7Saurion4initEv
FNF:10
FNH:10
DA:7,6
DA:9,6
DA:10,6
DA:12,0
DA:14,6
DA:17,6
DA:19,6
DA:20,6
DA:21,6
DA:24,6
DA:26,6
DA:28,0
DA:30,6
DA:33,6
DA:35,6
DA:36,6
DA:39,6
DA:41,6
DA:42,6
DA:43,6
DA:47,6
DA:49,6
DA:50,6
DA:51,6
DA:55,6
DA:57,6
DA:58,6
DA:59,6
DA:63,6
DA:65,6
DA:66,6
DA:67,6
DA:71,6
DA:73,6
DA:74,6
DA:75,6
DA:79,2201
DA:81,2201
DA:82,2201
LF:39
LH:37
end_of_record
TN:
SF:/__w/saurion/saurion/src/threadpool.c
FN:30,threadpool_create
FN:94,threadpool_create_default
FN:100,threadpool_worker
FN:144,threadpool_init
FN:167,threadpool_add
FN:207,threadpool_stop
FN:231,threadpool_empty
FN:247,threadpool_wait_empty
FN:265,threadpool_destroy
FNDA:26,threadpool_destroy
FNDA:22,threadpool_init
FNDA:1,threadpool_create_default
FNDA:32,threadpool_stop
FNDA:88,threadpool_worker
FNDA:35,threadpool_wait_empty
FNDA:162,threadpool_add
FNDA:26,threadpool_create
FNDA:7,threadpool_empty
FNF:9
FNH:9
DA:30,26
DA:33,26
DA:34,26
DA:37,0
DA:39,26
DA:41,1
DA:43,26
DA:45,8
DA:48,26
DA:49,26
DA:50,26
DA:52,0
DA:54,0
DA:57,26
DA:58,26
DA:59,26
DA:60,26
DA:62,26
DA:64,0
DA:65,0
DA:67,0
DA:70,26
DA:72,0
DA:73,0
DA:74,0
DA:76,0
DA:79,26
DA:81,0
DA:82,0
DA:83,0
DA:84,0
DA:86,0
DA:90,26
DA:94,1
DA:96,1
DA:100,88
DA:103,88
DA:105,158
DA:106,246
DA:107,364
DA:109,118
DA:112,246
DA:114,88
DA:115,88
DA:118,158
DA:119,158
DA:121,158
DA:122,158
DA:123,24
DA:125,158
DA:127,24
DA:130,158
DA:132,158
DA:134,158
DA:135,158
DA:139,88
DA:144,22
DA:147,22
DA:150,0
DA:152,110
DA:154,88
DA:158,0
DA:159,0
DA:162,22
DA:167,162
DA:171,162
DA:174,2
DA:177,160
DA:178,160
DA:181,0
DA:184,160
DA:185,160
DA:186,160
DA:188,160
DA:190,160
DA:192,26
DA:193,26
DA:197,134
DA:198,134
DA:200,160
DA:202,160
DA:207,32
DA:210,32
DA:213,10
DA:215,22
DA:217,22
DA:218,22
DA:219,22
DA:220,22
DA:222,110
DA:224,88
DA:226,22
DA:231,7
DA:234,7
DA:237,0
DA:239,7
DA:240,7
DA:241,7
DA:243,7
DA:247,35
DA:250,35
DA:253,0
DA:255,35
DA:256,41
DA:258,6
DA:260,35
DA:265,26
DA:268,26
DA:271,0
DA:273,26
DA:275,26
DA:276,26
DA:277,26
DA:279,26
DA:280,26
LF:115
LH:93
end_of_record
