TN:
SF:/__w/saurion/saurion/src/linked_list.c
FN:17,create_node
FN:65,list_insert
FN:90,free_node
FN:106,list_delete_node
FN:138,list_free
FNDA:26,list_free
FNDA:55381,list_insert
FNDA:27582,list_delete_node
FNDA:55381,free_node
FNDA:55381,create_node
FNF:5
FNH:5
DA:17,55381
DA:19,55381
DA:20,55381
DA:22,0
DA:24,55381
DA:25,55381
DA:26,55381
DA:27,55381
DA:29,20378
DA:30,20378
DA:33,35003
DA:34,35003
DA:36,0
DA:37,0
DA:39,161825
DA:41,126822
DA:43,126822
DA:45,0
DA:47,0
DA:49,0
DA:50,0
DA:53,161825
DA:55,126822
DA:56,126822
DA:57,126822
DA:58,126822
DA:60,35003
DA:61,35003
DA:65,55381
DA:67,55381
DA:68,55381
DA:70,0
DA:72,55381
DA:73,55381
DA:75,11722
DA:76,11722
DA:77,11722
DA:79,43659
DA:80,130958350
DA:82,130914691
DA:84,43659
DA:85,43659
DA:86,43659
DA:90,55381
DA:92,55381
DA:94,161825
DA:96,126822
DA:97,126822
DA:99,35003
DA:101,55381
DA:102,55381
DA:103,55381
DA:106,27582
DA:108,27582
DA:109,27582
DA:110,27582
DA:112,27582
DA:114,12235
DA:115,12235
DA:116,12235
DA:117,12235
DA:120,16958271
DA:122,16942924
DA:123,16942924
DA:126,15347
DA:128,1
DA:129,1
DA:132,15346
DA:133,15346
DA:134,15346
DA:138,26
DA:140,26
DA:141,26
DA:144,27826
DA:146,27800
DA:147,27800
DA:148,27800
DA:151,26
DA:152,26
DA:153,26
LF:80
LH:72
end_of_record
TN:
SF:/__w/saurion/saurion/src/low_saurion.c
FN:58,next
FN:66,htonll
FN:80,ntohll
FN:94,free_request
FN:115,initialize_iovec
FN:164,allocate_iovec
FN:188,set_request
FN:257,add_accept
FN:297,add_fd
FN:336,add_efd
FN:343,add_read
FN:351,add_read_continue
FN:388,add_write
FN:431,handle_accept
FN:442,calculate_max_iov_content
FN:469,handle_previous_message
FN:494,handle_partial_message
FN:532,handle_new_message
FN:569,prepare_destination
FN:584,copy_data
FN:626,validate_and_update
FN:662,read_chunk_free
FN:688,read_chunk
FN:724,handle_read
FN:763,handle_write
FN:773,handle_error
FN:785,handle_close
FN:797,saurion_set_socket
FN:835,saurion_create
FN:951,handle_event_read
FN:972,saurion_worker_master_loop_it
FN:1029,saurion_worker_master
FN:1063,saurion_worker_slave_loop_it
FN:1114,saurion_worker_slave
FN:1147,saurion_start
FN:1174,saurion_stop
FN:1189,saurion_destroy
FN:1222,saurion_send
FNDA:71,handle_accept
FNDA:2483,next
FNDA:6,saurion_set_socket
FNDA:71,handle_close
FNDA:2218,validate_and_update
FNDA:696,saurion_worker_master_loop_it
FNDA:6,saurion_start
FNDA:18,saurion_worker_slave
FNDA:2218,copy_data
FNDA:1906,add_efd
FNDA:6,saurion_stop
FNDA:2215,ntohll
FNDA:4508,initialize_iovec
FNDA:281,add_read
FNDA:6,saurion_destroy
FNDA:3,handle_previous_message
FNDA:2201,handle_write
FNDA:211,handle_read
FNDA:6,saurion_worker_master
FNDA:282,handle_event_read
FNDA:2219,read_chunk
FNDA:2201,add_write
FNDA:6,saurion_create
FNDA:1,add_read_continue
FNDA:0,free_request
FNDA:4478,set_request
FNDA:2201,saurion_send
FNDA:1998,handle_partial_message
FNDA:217,handle_new_message
FNDA:2187,add_fd
FNDA:4508,allocate_iovec
FNDA:2218,calculate_max_iov_content
FNDA:2218,prepare_destination
FNDA:2,read_chunk_free
FNDA:2225,htonll
FNDA:0,handle_error
FNDA:77,add_accept
FNDA:1882,saurion_worker_slave_loop_it
FNF:38
FNH:36
DA:58,2483
DA:60,2483
DA:61,2483
DA:66,2225
DA:68,2225
DA:69,2225
DA:71,2225
DA:72,2225
DA:73,2225
DA:75,0
DA:80,2215
DA:82,2215
DA:83,2215
DA:85,2215
DA:86,2215
DA:87,2215
DA:89,0
DA:94,0
DA:96,0
DA:98,0
DA:99,0
DA:101,0
DA:103,0
DA:104,0
DA:106,0
DA:107,0
DA:108,0
DA:109,0
DA:110,0
DA:115,4508
DA:118,4508
DA:120,1
DA:122,4507
DA:124,2318
DA:125,2318
DA:126,2318
DA:127,2318
DA:128,2318
DA:130,2309
DA:132,2225
DA:133,2225
DA:134,2225
DA:135,2225
DA:139,84
DA:141,2309
DA:143,2225
DA:144,2225
DA:145,2225
DA:148,2318
DA:149,2318
DA:150,2318
DA:151,2318
DA:152,2318
DA:156,2189
DA:158,4507
DA:164,4508
DA:167,4508
DA:169,1
DA:171,4507
DA:172,4507
DA:174,0
DA:176,4507
DA:177,4507
DA:179,2188
DA:181,4507
DA:182,4507
DA:188,4478
DA:191,4478
DA:192,4478
DA:194,2206
DA:196,4478
DA:197,4478
DA:198,4478
DA:199,4478
DA:200,4478
DA:202,0
DA:204,4478
DA:206,4474
DA:207,4474
DA:208,4474
DA:209,4474
DA:210,4474
DA:211,4474
DA:215,4
DA:216,4
DA:217,4
DA:218,4
DA:219,4
DA:220,4
DA:221,4
DA:222,4
DA:224,4478
DA:225,4478
DA:226,4478
DA:227,4478
DA:229,0
DA:230,0
DA:232,8892
DA:234,4414
DA:236,0
DA:237,0
DA:239,4414
DA:241,0
DA:242,0
DA:245,4478
DA:247,0
DA:248,0
DA:250,4478
DA:251,4478
DA:257,77
DA:260,77
DA:261,77
DA:262,154
DA:264,77
DA:265,77
DA:267,0
DA:268,0
DA:270,77
DA:271,77
DA:273,0
DA:274,0
DA:275,0
DA:276,0
DA:278,77
DA:279,77
DA:280,77
DA:281,77
DA:282,77
DA:284,0
DA:285,0
DA:286,0
DA:287,0
DA:288,0
DA:290,77
DA:292,77
DA:293,77
DA:297,2187
DA:299,2187
DA:300,2187
DA:301,4374
DA:303,2187
DA:304,2187
DA:305,2187
DA:307,0
DA:308,0
DA:310,2187
DA:311,2187
DA:313,0
DA:314,0
DA:315,0
DA:317,2187
DA:318,2187
DA:319,2187
DA:321,2187
DA:322,2187
DA:324,0
DA:325,0
DA:326,0
DA:327,0
DA:329,2187
DA:331,2187
DA:332,2187
DA:336,1906
DA:338,1906
DA:339,1906
DA:343,281
DA:345,281
DA:346,281
DA:347,281
DA:351,1
DA:354,1
DA:355,1
DA:356,2
DA:358,1
DA:359,1
DA:360,1
DA:362,0
DA:363,0
DA:365,1
DA:367,0
DA:368,0
DA:369,0
DA:371,1
DA:372,1
DA:373,1
DA:374,1
DA:376,0
DA:377,0
DA:378,0
DA:379,0
DA:381,1
DA:383,1
DA:384,1
DA:388,2201
DA:391,2201
DA:392,2201
DA:393,4402
DA:395,2201
DA:396,2201
DA:397,2201
DA:399,0
DA:400,0
DA:402,2201
DA:403,2201
DA:406,0
DA:407,0
DA:408,0
DA:410,2201
DA:411,2201
DA:412,2201
DA:413,2201
DA:414,2201
DA:415,2201
DA:417,0
DA:418,0
DA:419,0
DA:420,0
DA:421,0
DA:423,2201
DA:425,2201
DA:426,2201
DA:431,71
DA:433,71
DA:435,71
DA:437,71
DA:442,2218
DA:444,2218
DA:445,4438
DA:447,2220
DA:449,2218
DA:469,3
DA:471,3
DA:472,3
DA:473,3
DA:475,3
DA:477,2
DA:478,2
DA:479,2
DA:480,2
DA:481,2
DA:485,1
DA:486,1
DA:488,3
DA:494,1998
DA:496,1998
DA:497,1998
DA:499,1998
DA:500,1998
DA:501,1998
DA:502,1998
DA:503,1998
DA:504,1998
DA:506,1998
DA:508,1997
DA:509,1997
DA:511,0
DA:513,1997
DA:517,1
DA:518,1
DA:520,0
DA:522,1
DA:523,1
DA:524,1
DA:526,1998
DA:532,217
DA:534,217
DA:535,217
DA:537,217
DA:538,217
DA:539,217
DA:540,217
DA:541,217
DA:542,217
DA:544,217
DA:546,215
DA:547,215
DA:549,0
DA:551,215
DA:555,2
DA:556,2
DA:558,0
DA:560,2
DA:561,2
DA:563,217
DA:569,2218
DA:571,2218
DA:573,3
DA:575,2215
DA:577,1998
DA:579,217
DA:584,2218
DA:586,2218
DA:587,2218
DA:590,2220
DA:592,2220
DA:593,2220
DA:595,2220
DA:596,2220
DA:597,2220
DA:599,2220
DA:601,2214
DA:602,2214
DA:605,2
DA:607,2214
DA:608,2214
DA:609,2214
DA:611,6
DA:613,6
DA:614,6
DA:616,4
DA:618,2
DA:621,2218
DA:626,2218
DA:628,2218
DA:630,4
DA:631,4
DA:632,4
DA:633,4
DA:637,2214
DA:638,2214
DA:640,2218
DA:642,2214
DA:643,2214
DA:644,2214
DA:645,2214
DA:647,2000
DA:648,2000
DA:652,214
DA:653,214
DA:657,2218
DA:662,2
DA:664,2
DA:665,2
DA:666,2
DA:667,2
DA:668,2
DA:669,2
DA:670,4
DA:672,95
DA:674,93
DA:675,93
DA:677,0
DA:678,0
DA:679,0
DA:688,2219
DA:691,2219
DA:692,2219
DA:693,2219
DA:694,2219
DA:696,1
DA:699,2218
DA:700,2218
DA:701,2218
DA:702,2218
DA:703,2218
DA:704,2218
DA:705,2218
DA:706,2218
DA:708,0
DA:711,2218
DA:712,2218
DA:714,2218
DA:716,2216
DA:718,2
DA:719,2
DA:724,211
DA:726,211
DA:727,211
DA:730,2203
DA:732,0
DA:734,2203
DA:736,1992
DA:738,1992
DA:741,1992
DA:742,1992
DA:743,1992
DA:745,211
DA:747,1
DA:748,1
DA:750,210
DA:752,210
DA:754,210
DA:755,210
DA:756,210
DA:758,210
DA:763,2201
DA:765,2201
DA:767,2201
DA:769,2201
DA:773,0
DA:775,0
DA:777,0
DA:778,0
DA:779,0
DA:781,0
DA:785,71
DA:787,71
DA:789,71
DA:791,71
DA:792,71
DA:797,6
DA:799,6
DA:802,6
DA:803,6
DA:805,0
DA:808,6
DA:809,6
DA:811,0
DA:814,6
DA:815,6
DA:816,6
DA:817,6
DA:819,6
DA:821,0
DA:824,6
DA:826,0
DA:829,6
DA:835,6
DA:838,6
DA:839,6
DA:842,0
DA:844,6
DA:845,6
DA:846,6
DA:848,0
DA:850,0
DA:852,6
DA:853,6
DA:855,0
DA:857,0
DA:860,6
DA:861,6
DA:863,0
DA:865,0
DA:867,42
DA:869,36
DA:871,6
DA:872,6
DA:873,6
DA:874,6
DA:875,6
DA:876,6
DA:877,6
DA:878,6
DA:879,6
DA:880,6
DA:881,6
DA:882,6
DA:883,6
DA:884,6
DA:885,6
DA:886,6
DA:887,6
DA:888,6
DA:889,6
DA:891,0
DA:892,0
DA:894,0
DA:896,30
DA:898,24
DA:899,24
DA:901,0
DA:903,0
DA:905,0
DA:906,0
DA:907,0
DA:909,0
DA:913,6
DA:914,6
DA:916,0
DA:918,0
DA:920,0
DA:921,0
DA:922,0
DA:924,0
DA:926,30
DA:928,24
DA:929,24
DA:930,24
DA:932,0
DA:934,0
DA:936,0
DA:937,0
DA:938,0
DA:939,0
DA:941,0
DA:944,6
DA:946,6
DA:951,282
DA:954,282
DA:956,0
DA:958,282
DA:960,71
DA:962,282
DA:964,211
DA:966,282
DA:967,282
DA:972,696
DA:977,696
DA:978,696
DA:979,696
DA:980,696
DA:982,0
DA:984,0
DA:986,696
DA:987,696
DA:989,0
DA:991,0
DA:993,696
DA:995,0
DA:997,0
DA:999,696
DA:1001,6
DA:1002,6
DA:1004,6
DA:1006,690
DA:1007,690
DA:1009,71
DA:1010,71
DA:1011,71
DA:1012,71
DA:1013,71
DA:1014,71
DA:1015,69
DA:1016,69
DA:1017,69
DA:1018,550
DA:1019,550
DA:1020,550
DA:1021,550
DA:1024,690
DA:1029,6
DA:1032,6
DA:1034,6
DA:1036,6
DA:1037,6
DA:1039,6
DA:1040,6
DA:1041,6
DA:1042,6
DA:1044,690
DA:1046,696
DA:1047,696
DA:1052,6
DA:1053,6
DA:1054,6
DA:1055,6
DA:1057,6
DA:1063,1882
DA:1066,1882
DA:1067,1882
DA:1069,1882
DA:1070,1882
DA:1071,1882
DA:1073,0
DA:1075,0
DA:1077,1882
DA:1078,1882
DA:1080,0
DA:1082,0
DA:1084,1882
DA:1086,0
DA:1088,0
DA:1090,1882
DA:1092,18
DA:1093,18
DA:1095,18
DA:1097,1864
DA:1098,1864
DA:1100,213
DA:1101,213
DA:1102,213
DA:1103,1651
DA:1104,1651
DA:1105,1651
DA:1106,1651
DA:1109,1864
DA:1114,18
DA:1117,18
DA:1118,18
DA:1119,18
DA:1120,18
DA:1122,18
DA:1124,18
DA:1125,18
DA:1126,18
DA:1127,18
DA:1129,1864
DA:1130,1882
DA:1131,1882
DA:1136,18
DA:1137,18
DA:1138,18
DA:1139,18
DA:1141,18
DA:1147,6
DA:1149,6
DA:1150,6
DA:1151,6
DA:1152,24
DA:1154,18
DA:1155,18
DA:1157,0
DA:1159,18
DA:1160,18
DA:1161,18
DA:1163,6
DA:1164,25
DA:1166,19
DA:1168,6
DA:1169,6
DA:1174,6
DA:1176,6
DA:1177,30
DA:1179,24
DA:1181,0
DA:1184,6
DA:1185,6
DA:1189,6
DA:1191,6
DA:1192,18
DA:1194,12
DA:1196,6
DA:1197,6
DA:1198,30
DA:1200,24
DA:1201,24
DA:1203,6
DA:1204,6
DA:1205,30
DA:1207,24
DA:1209,6
DA:1210,6
DA:1212,0
DA:1214,6
DA:1215,6
DA:1216,6
DA:1217,6
DA:1218,6
DA:1222,2201
DA:1224,2201
DA:1225,2201
LF:642
LH:515
end_of_record
TN:
SF:/__w/saurion/saurion/src/saurion.cpp
FN:5,_ZN7SaurionC2Eji
FN:15,_ZN7SaurionD2Ev
FN:18,_ZN7Saurion4initEv
FN:27,_ZNK7Saurion4stopEv
FN:33,_ZN7Saurion12on_connectedEPFviPvES0_
FN:41,_ZN7Saurion9on_readedEPFviPKvlPvES2_
FN:49,_ZN7Saurion8on_wroteEPFviPvES0_
FN:57,_ZN7Saurion9on_closedEPFviPvES0_
FN:65,_ZN7Saurion8on_errorEPFviPKclPvES2_
FN:73,_ZN7Saurion4sendEiPKc
FNDA:0,_ZN7Saurion9on_closedEPFviPvES0_
FNDA:0,_ZN7Saurion9on_readedEPFviPKvlPvES2_
FNDA:0,_ZN7Saurion4initEv
FNDA:0,_ZNK7Saurion4stopEv
FNDA:0,_ZN7Saurion8on_wroteEPFviPvES0_
FNDA:0,_ZN7SaurionD2Ev
FNDA:0,_ZN7Saurion12on_connectedEPFviPvES0_
FNDA:0,_ZN7Saurion8on_errorEPFviPKclPvES2_
FNDA:0,_ZN7SaurionC2Eji
FNDA:0,_ZN7Saurion4sendEiPKc
FNF:10
FNH:0
DA:5,0
DA:7,0
DA:8,0
DA:10,0
DA:12,0
DA:15,0
DA:18,0
DA:20,0
DA:22,0
DA:27,0
DA:29,0
DA:30,0
DA:33,0
DA:35,0
DA:36,0
DA:37,0
DA:41,0
DA:43,0
DA:44,0
DA:45,0
DA:49,0
DA:51,0
DA:52,0
DA:53,0
DA:57,0
DA:59,0
DA:60,0
DA:61,0
DA:65,0
DA:67,0
DA:68,0
DA:69,0
DA:73,0
DA:75,0
DA:76,0
LF:35
LH:0
end_of_record
TN:
SF:/__w/saurion/saurion/src/threadpool.c
FN:32,threadpool_create
FN:101,threadpool_create_default
FN:107,threadpool_worker
FN:151,threadpool_init
FN:175,threadpool_add
FN:216,threadpool_stop
FN:240,threadpool_empty
FN:256,threadpool_wait_empty
FN:274,threadpool_destroy
FNDA:44,threadpool_worker
FNDA:11,threadpool_init
FNDA:15,threadpool_stop
FNDA:2,threadpool_empty
FNDA:11,threadpool_create
FNDA:17,threadpool_wait_empty
FNDA:0,threadpool_create_default
FNDA:126,threadpool_add
FNDA:11,threadpool_destroy
FNF:9
FNH:8
DA:32,11
DA:35,11
DA:36,11
DA:38,0
DA:40,0
DA:42,11
DA:44,0
DA:46,11
DA:48,5
DA:51,11
DA:52,11
DA:53,11
DA:55,0
DA:56,0
DA:58,0
DA:61,11
DA:62,11
DA:63,11
DA:64,11
DA:66,11
DA:68,0
DA:69,0
DA:70,0
DA:72,0
DA:75,11
DA:77,0
DA:78,0
DA:79,0
DA:80,0
DA:82,0
DA:85,11
DA:87,0
DA:88,0
DA:89,0
DA:90,0
DA:91,0
DA:93,0
DA:97,11
DA:101,0
DA:103,0
DA:107,44
DA:110,44
DA:112,126
DA:113,170
DA:114,230
DA:116,60
DA:119,170
DA:121,44
DA:122,44
DA:125,126
DA:126,126
DA:128,126
DA:129,126
DA:130,10
DA:132,126
DA:134,10
DA:137,126
DA:139,126
DA:141,126
DA:142,126
DA:146,44
DA:151,11
DA:154,11
DA:157,0
DA:159,55
DA:161,44
DA:165,0
DA:166,0
DA:167,0
DA:170,11
DA:175,126
DA:179,126
DA:182,0
DA:185,126
DA:186,126
DA:188,0
DA:190,0
DA:193,126
DA:194,126
DA:195,126
DA:197,126
DA:199,126
DA:201,10
DA:202,10
DA:206,116
DA:207,116
DA:209,126
DA:211,126
DA:216,15
DA:219,15
DA:222,4
DA:224,11
DA:226,11
DA:227,11
DA:228,11
DA:229,11
DA:231,55
DA:233,44
DA:235,11
DA:240,2
DA:243,2
DA:246,0
DA:248,2
DA:249,2
DA:250,2
DA:252,2
DA:256,17
DA:259,17
DA:262,0
DA:264,17
DA:265,20
DA:267,3
DA:269,17
DA:274,11
DA:277,11
DA:280,0
DA:282,11
DA:284,11
DA:285,11
DA:286,11
DA:288,0
DA:289,0
DA:290,0
DA:292,11
DA:294,11
DA:295,11
DA:296,11
DA:298,11
DA:299,11
LF:129
LH:93
end_of_record
